<?xml version="1.0" encoding="UTF-8"?>
<testng-results skipped="0" failed="0" ignored="0" total="1" passed="1">
  <reporter-output>
  </reporter-output>
  <suite name="Default suite" duration-ms="91" started-at="2022-02-28T22:25:28 IST" finished-at="2022-02-28T22:25:28 IST">
    <groups>
    </groups>
    <test name="Default test" duration-ms="91" started-at="2022-02-28T22:25:28 IST" finished-at="2022-02-28T22:25:28 IST">
      <class name="com.demo.firstdemo1.Demo">
        <test-method status="PASS" signature="Demo()[pri:0, instance:com.demo.firstdemo1.Demo@7e2d773b]" name="Demo" duration-ms="15" started-at="2022-02-28T22:25:28 IST" finished-at="2022-02-28T22:25:28 IST">
          <reporter-output>
          </reporter-output>
        </test-method> <!-- Demo -->
      </class> <!-- com.demo.firstdemo1.Demo -->
    </test> <!-- Default test -->
  </suite> <!-- Default suite -->
</testng-results>
